2025-06-04 00:32:14 [INFO] o.h.validator.internal.util.Version - HV000001: Hibernate Validator 8.0.2.Final
2025-06-04 00:32:14 [INFO] c.t.T.TradingApplication - Starting TradingApplication using Java 21.0.6 with PID 20712 (D:\MavenProject\Trading-app\target\classes started by SASIT in D:\MavenProject\Trading-app)
2025-06-04 00:32:14 [INFO] c.t.T.TradingApplication - No active profile set, falling back to 1 default profile: "default"
2025-06-04 00:32:15 [INFO] o.s.b.d.e.DevToolsPropertyDefaultsPostProcessor - Devtools property defaults active! Set 'spring.devtools.add-properties' to 'false' to disable
2025-06-04 00:32:15 [INFO] o.s.b.d.e.DevToolsPropertyDefaultsPostProcessor - For additional web related logging consider setting the 'logging.level.web' property to 'DEBUG'
2025-06-04 00:32:18 [INFO] o.s.d.r.c.RepositoryConfigurationDelegate - Bootstrapping Spring Data JPA repositories in DEFAULT mode.
2025-06-04 00:32:18 [INFO] o.s.d.r.c.RepositoryConfigurationDelegate - Finished Spring Data repository scanning in 277 ms. Found 8 JPA repository interfaces.
2025-06-04 00:32:21 [INFO] o.s.b.w.e.tomcat.TomcatWebServer - Tomcat initialized with port 8080 (http)
2025-06-04 00:32:21 [INFO] o.a.coyote.http11.Http11NioProtocol - Initializing ProtocolHandler ["http-nio-8080"]
2025-06-04 00:32:21 [INFO] o.a.catalina.core.StandardService - Starting service [Tomcat]
2025-06-04 00:32:21 [INFO] o.a.catalina.core.StandardEngine - Starting Servlet engine: [Apache Tomcat/10.1.40]
2025-06-04 00:32:22 [INFO] o.apache.jasper.servlet.TldScanner - At least one JAR was scanned for TLDs yet contained no TLDs. Enable debug logging for this logger for a complete list of JARs that were scanned but no TLDs were found in them. Skipping unneeded JARs during scanning can improve startup time and JSP compilation time.
2025-06-04 00:32:22 [INFO] o.a.c.c.C.[Tomcat].[localhost].[/] - Initializing Spring embedded WebApplicationContext
2025-06-04 00:32:22 [INFO] o.s.b.w.s.c.ServletWebServerApplicationContext - Root WebApplicationContext: initialization completed in 7741 ms
2025-06-04 00:32:23 [INFO] org.hibernate.Version - HHH000412: Hibernate ORM core version 6.6.13.Final
2025-06-04 00:32:23 [INFO] o.h.c.i.RegionFactoryInitiator - HHH000026: Second-level cache disabled
2025-06-04 00:32:24 [INFO] o.s.o.j.p.SpringPersistenceUnitInfo - No LoadTimeWeaver setup: ignoring JPA class transformer
2025-06-04 00:32:24 [INFO] com.zaxxer.hikari.HikariDataSource - HikariPool-1 - Starting...
2025-06-04 00:32:25 [INFO] com.zaxxer.hikari.pool.HikariPool - HikariPool-1 - Added connection conn0: url=jdbc:h2:mem:testdb user=ROOT
2025-06-04 00:32:25 [INFO] com.zaxxer.hikari.HikariDataSource - HikariPool-1 - Start completed.
2025-06-04 00:32:25 [INFO] o.hibernate.orm.connections.pooling - HHH10001005: Database info:
	Database JDBC URL [Connecting through datasource 'HikariDataSource (HikariPool-1)']
	Database driver: undefined/unknown
	Database version: 2.3.232
	Autocommit mode: undefined/unknown
	Isolation level: undefined/unknown
	Minimum pool size: undefined/unknown
	Maximum pool size: undefined/unknown
2025-06-04 00:32:29 [INFO] o.h.e.t.j.p.i.JtaPlatformInitiator - HHH000489: No JTA platform available (set 'hibernate.transaction.jta.platform' to enable JTA platform integration)
2025-06-04 00:32:30 [INFO] o.s.o.j.LocalContainerEntityManagerFactoryBean - Initialized JPA EntityManagerFactory for persistence unit 'default'
2025-06-04 00:32:32 [INFO] o.s.d.j.r.query.QueryEnhancerFactory - Hibernate is in classpath; If applicable, HQL parser will be used.
2025-06-04 00:32:50 [INFO] o.s.s.c.a.a.c.InitializeAuthenticationProviderBeanManagerConfigurer$InitializeAuthenticationProviderManagerConfigurer - Global AuthenticationManager configured with AuthenticationProvider bean with name authenticationProvider
2025-06-04 00:32:51 [INFO] o.s.b.a.h.H2ConsoleAutoConfiguration - H2 console available at '/h2-console'. Database available at 'jdbc:h2:mem:testdb'
2025-06-04 00:32:51 [INFO] o.s.b.d.a.OptionalLiveReloadServer - LiveReload server is running on port 35729
2025-06-04 00:32:51 [INFO] o.a.coyote.http11.Http11NioProtocol - Starting ProtocolHandler ["http-nio-8080"]
2025-06-04 00:32:51 [INFO] o.s.b.w.e.tomcat.TomcatWebServer - Tomcat started on port 8080 (http) with context path '/'
2025-06-04 00:32:51 [INFO] c.t.T.TradingApplication - Started TradingApplication in 37.871 seconds (process running for 38.562)
2025-06-04 00:37:28 [INFO] o.a.c.c.C.[Tomcat].[localhost].[/] - Initializing Spring DispatcherServlet 'dispatcherServlet'
2025-06-04 00:37:28 [INFO] o.s.web.servlet.DispatcherServlet - Initializing Servlet 'dispatcherServlet'
2025-06-04 00:37:28 [INFO] o.s.web.servlet.DispatcherServlet - Completed initialization in 2 ms
2025-06-04 00:37:45 [INFO] c.t.T.S.UserDetailsServiceImpl - User test assigned role: ROLE_USER
2025-06-04 00:37:45 [INFO] c.t.T.S.CustomAuthenticationSuccessHandler - Authentication successful for user: test
2025-06-04 00:37:45 [INFO] c.t.T.S.CustomAuthenticationSuccessHandler - User successfully logged in: test
2025-06-04 00:37:45 [INFO] c.t.T.C.UserDashboardController - Principal class: User
2025-06-04 00:37:45 [INFO] c.t.T.C.UserDashboardController - Principal: org.springframework.security.core.userdetails.User [Username=test, Password=[PROTECTED], Enabled=true, AccountNonExpired=true, CredentialsNonExpired=true, AccountNonLocked=true, Granted Authorities=[ROLE_ROLE_USER]]
2025-06-04 00:37:45 [INFO] c.t.T.C.UserDashboardController - test
2025-06-04 00:40:20 [INFO] o.s.b.d.a.LocalDevToolsAutoConfiguration$RestartingClassPathChangeChangedEventListener - Restarting due to 1 class path change (0 additions, 0 deletions, 1 modification)
2025-06-04 00:40:20 [INFO] o.s.b.w.e.tomcat.GracefulShutdown - Commencing graceful shutdown. Waiting for active requests to complete
2025-06-04 00:40:20 [INFO] o.a.coyote.http11.Http11NioProtocol - Pausing ProtocolHandler ["http-nio-8080"]
2025-06-04 00:40:20 [INFO] o.s.b.w.e.tomcat.GracefulShutdown - Graceful shutdown complete
2025-06-04 00:40:20 [INFO] o.a.coyote.http11.Http11NioProtocol - Stopping ProtocolHandler ["http-nio-8080"]
2025-06-04 00:40:20 [INFO] o.s.o.j.LocalContainerEntityManagerFactoryBean - Closing JPA EntityManagerFactory for persistence unit 'default'
2025-06-04 00:40:20 [INFO] com.zaxxer.hikari.HikariDataSource - HikariPool-1 - Shutdown initiated...
2025-06-04 00:40:20 [INFO] com.zaxxer.hikari.HikariDataSource - HikariPool-1 - Shutdown completed.
2025-06-04 00:40:21 [INFO] c.t.T.TradingApplication - Starting TradingApplication using Java 21.0.6 with PID 20712 (D:\MavenProject\Trading-app\target\classes started by SASIT in D:\MavenProject\Trading-app)
2025-06-04 00:40:21 [INFO] c.t.T.TradingApplication - No active profile set, falling back to 1 default profile: "default"
2025-06-04 00:40:21 [INFO] o.s.d.r.c.RepositoryConfigurationDelegate - Bootstrapping Spring Data JPA repositories in DEFAULT mode.
2025-06-04 00:40:22 [INFO] o.s.d.r.c.RepositoryConfigurationDelegate - Finished Spring Data repository scanning in 181 ms. Found 8 JPA repository interfaces.
2025-06-04 00:40:22 [INFO] o.s.b.w.e.tomcat.TomcatWebServer - Tomcat initialized with port 8080 (http)
2025-06-04 00:40:22 [INFO] o.a.coyote.http11.Http11NioProtocol - Initializing ProtocolHandler ["http-nio-8080"]
2025-06-04 00:40:22 [INFO] o.a.catalina.core.StandardService - Starting service [Tomcat]
2025-06-04 00:40:22 [INFO] o.a.catalina.core.StandardEngine - Starting Servlet engine: [Apache Tomcat/10.1.40]
2025-06-04 00:40:22 [INFO] o.apache.jasper.servlet.TldScanner - At least one JAR was scanned for TLDs yet contained no TLDs. Enable debug logging for this logger for a complete list of JARs that were scanned but no TLDs were found in them. Skipping unneeded JARs during scanning can improve startup time and JSP compilation time.
2025-06-04 00:40:22 [INFO] o.a.c.c.C.[Tomcat].[localhost].[/] - Initializing Spring embedded WebApplicationContext
2025-06-04 00:40:22 [INFO] o.s.b.w.s.c.ServletWebServerApplicationContext - Root WebApplicationContext: initialization completed in 1682 ms
2025-06-04 00:40:23 [INFO] o.h.c.i.RegionFactoryInitiator - HHH000026: Second-level cache disabled
2025-06-04 00:40:23 [INFO] o.s.o.j.p.SpringPersistenceUnitInfo - No LoadTimeWeaver setup: ignoring JPA class transformer
2025-06-04 00:40:23 [INFO] com.zaxxer.hikari.HikariDataSource - HikariPool-2 - Starting...
2025-06-04 00:40:23 [INFO] com.zaxxer.hikari.pool.HikariPool - HikariPool-2 - Added connection conn10: url=jdbc:h2:mem:testdb user=ROOT
2025-06-04 00:40:23 [INFO] com.zaxxer.hikari.HikariDataSource - HikariPool-2 - Start completed.
2025-06-04 00:40:23 [INFO] o.hibernate.orm.connections.pooling - HHH10001005: Database info:
	Database JDBC URL [Connecting through datasource 'HikariDataSource (HikariPool-2)']
	Database driver: undefined/unknown
	Database version: 2.3.232
	Autocommit mode: undefined/unknown
	Isolation level: undefined/unknown
	Minimum pool size: undefined/unknown
	Maximum pool size: undefined/unknown
2025-06-04 00:40:24 [INFO] o.h.e.t.j.p.i.JtaPlatformInitiator - HHH000489: No JTA platform available (set 'hibernate.transaction.jta.platform' to enable JTA platform integration)
2025-06-04 00:40:25 [INFO] o.s.o.j.LocalContainerEntityManagerFactoryBean - Initialized JPA EntityManagerFactory for persistence unit 'default'
2025-06-04 00:40:42 [INFO] o.s.s.c.a.a.c.InitializeAuthenticationProviderBeanManagerConfigurer$InitializeAuthenticationProviderManagerConfigurer - Global AuthenticationManager configured with AuthenticationProvider bean with name authenticationProvider
2025-06-04 00:40:42 [INFO] o.s.b.a.h.H2ConsoleAutoConfiguration - H2 console available at '/h2-console'. Database available at 'jdbc:h2:mem:testdb'
2025-06-04 00:40:42 [INFO] o.s.b.d.a.OptionalLiveReloadServer - LiveReload server is running on port 35729
2025-06-04 00:40:42 [INFO] o.a.coyote.http11.Http11NioProtocol - Starting ProtocolHandler ["http-nio-8080"]
2025-06-04 00:40:42 [INFO] o.s.b.w.e.tomcat.TomcatWebServer - Tomcat started on port 8080 (http) with context path '/'
2025-06-04 00:40:42 [INFO] c.t.T.TradingApplication - Started TradingApplication in 21.645 seconds (process running for 509.296)
2025-06-04 00:40:42 [INFO] o.s.b.d.a.ConditionEvaluationDeltaLoggingListener - Condition evaluation unchanged
2025-06-04 00:45:11 [INFO] o.a.c.c.C.[Tomcat].[localhost].[/] - Initializing Spring DispatcherServlet 'dispatcherServlet'
2025-06-04 00:45:11 [INFO] o.s.web.servlet.DispatcherServlet - Initializing Servlet 'dispatcherServlet'
2025-06-04 00:45:11 [INFO] o.s.web.servlet.DispatcherServlet - Completed initialization in 0 ms
2025-06-04 00:46:21 [INFO] c.t.T.C.BuyRequestController - Received buy request: stockSymbol=AAPL, quantity=2203.215,price={}
2025-06-04 00:46:28 [INFO] c.t.T.C.BuyRequestController - Received buy request: stockSymbol=AAPL, quantity=2203.215,price={}
2025-06-04 00:47:08 [INFO] c.t.T.C.BuyRequestController - Received buy request: stockSymbol=AAPL, quantity=1203.215,price={}
2025-06-04 00:47:11 [INFO] c.t.T.C.BuyRequestController - Received buy request: stockSymbol=AAPL, quantity=2203.215,price={}
2025-06-04 14:55:06 [INFO] o.h.validator.internal.util.Version - HV000001: Hibernate Validator 8.0.2.Final
2025-06-04 14:55:06 [INFO] c.t.T.TradingApplicationTests - Starting TradingApplicationTests using Java 21.0.6 with PID 20892 (started by SASIT in D:\MavenProject\Trading-app)
2025-06-04 14:55:06 [INFO] c.t.T.TradingApplicationTests - No active profile set, falling back to 1 default profile: "default"
2025-06-04 14:55:08 [INFO] o.s.d.r.c.RepositoryConfigurationDelegate - Bootstrapping Spring Data JPA repositories in DEFAULT mode.
2025-06-04 14:55:08 [INFO] o.s.d.r.c.RepositoryConfigurationDelegate - Finished Spring Data repository scanning in 96 ms. Found 8 JPA repository interfaces.
2025-06-04 14:55:10 [INFO] org.hibernate.Version - HHH000412: Hibernate ORM core version 6.6.13.Final
2025-06-04 14:55:10 [INFO] o.h.c.i.RegionFactoryInitiator - HHH000026: Second-level cache disabled
2025-06-04 14:55:10 [INFO] o.s.o.j.p.SpringPersistenceUnitInfo - No LoadTimeWeaver setup: ignoring JPA class transformer
2025-06-04 14:55:10 [INFO] com.zaxxer.hikari.HikariDataSource - HikariPool-1 - Starting...
2025-06-04 14:55:11 [INFO] com.zaxxer.hikari.pool.HikariPool - HikariPool-1 - Added connection conn0: url=jdbc:h2:mem:testdb user=ROOT
2025-06-04 14:55:11 [INFO] com.zaxxer.hikari.HikariDataSource - HikariPool-1 - Start completed.
2025-06-04 14:55:11 [INFO] o.hibernate.orm.connections.pooling - HHH10001005: Database info:
	Database JDBC URL [Connecting through datasource 'HikariDataSource (HikariPool-1)']
	Database driver: undefined/unknown
	Database version: 2.3.232
	Autocommit mode: undefined/unknown
	Isolation level: undefined/unknown
	Minimum pool size: undefined/unknown
	Maximum pool size: undefined/unknown
2025-06-04 14:55:12 [INFO] o.h.e.t.j.p.i.JtaPlatformInitiator - HHH000489: No JTA platform available (set 'hibernate.transaction.jta.platform' to enable JTA platform integration)
2025-06-04 14:55:13 [INFO] o.s.o.j.LocalContainerEntityManagerFactoryBean - Initialized JPA EntityManagerFactory for persistence unit 'default'
2025-06-04 14:55:13 [INFO] o.s.d.j.r.query.QueryEnhancerFactory - Hibernate is in classpath; If applicable, HQL parser will be used.
2025-06-04 14:55:15 [INFO] o.s.s.c.a.a.c.InitializeAuthenticationProviderBeanManagerConfigurer$InitializeAuthenticationProviderManagerConfigurer - Global AuthenticationManager configured with AuthenticationProvider bean with name authenticationProvider
2025-06-04 14:55:17 [INFO] o.s.b.a.h.H2ConsoleAutoConfiguration - H2 console available at '/h2-console'. Database available at 'jdbc:h2:mem:testdb'
2025-06-04 14:55:17 [INFO] c.t.T.TradingApplicationTests - Started TradingApplicationTests in 12.104 seconds (process running for 14.18)
2025-06-04 14:55:18 [INFO] o.s.o.j.LocalContainerEntityManagerFactoryBean - Closing JPA EntityManagerFactory for persistence unit 'default'
2025-06-04 14:55:18 [INFO] com.zaxxer.hikari.HikariDataSource - HikariPool-1 - Shutdown initiated...
2025-06-04 14:55:18 [INFO] com.zaxxer.hikari.HikariDataSource - HikariPool-1 - Shutdown completed.
2025-06-04 14:56:50 [INFO] o.h.validator.internal.util.Version - HV000001: Hibernate Validator 8.0.2.Final
2025-06-04 14:56:50 [INFO] c.t.T.TradingApplication - Starting TradingApplication using Java 21.0.6 with PID 18312 (D:\MavenProject\Trading-app\target\classes started by SASIT in D:\MavenProject\Trading-app)
2025-06-04 14:56:50 [INFO] c.t.T.TradingApplication - No active profile set, falling back to 1 default profile: "default"
2025-06-04 14:56:51 [INFO] o.s.b.d.e.DevToolsPropertyDefaultsPostProcessor - Devtools property defaults active! Set 'spring.devtools.add-properties' to 'false' to disable
2025-06-04 14:56:51 [INFO] o.s.b.d.e.DevToolsPropertyDefaultsPostProcessor - For additional web related logging consider setting the 'logging.level.web' property to 'DEBUG'
2025-06-04 14:56:54 [INFO] o.s.d.r.c.RepositoryConfigurationDelegate - Bootstrapping Spring Data JPA repositories in DEFAULT mode.
2025-06-04 14:56:54 [INFO] o.s.d.r.c.RepositoryConfigurationDelegate - Finished Spring Data repository scanning in 186 ms. Found 8 JPA repository interfaces.
2025-06-04 14:56:56 [INFO] o.s.b.w.e.tomcat.TomcatWebServer - Tomcat initialized with port 8080 (http)
2025-06-04 14:56:56 [INFO] o.a.coyote.http11.Http11NioProtocol - Initializing ProtocolHandler ["http-nio-8080"]
2025-06-04 14:56:56 [INFO] o.a.catalina.core.StandardService - Starting service [Tomcat]
2025-06-04 14:56:56 [INFO] o.a.catalina.core.StandardEngine - Starting Servlet engine: [Apache Tomcat/10.1.40]
2025-06-04 14:56:56 [INFO] o.apache.jasper.servlet.TldScanner - At least one JAR was scanned for TLDs yet contained no TLDs. Enable debug logging for this logger for a complete list of JARs that were scanned but no TLDs were found in them. Skipping unneeded JARs during scanning can improve startup time and JSP compilation time.
2025-06-04 14:56:56 [INFO] o.a.c.c.C.[Tomcat].[localhost].[/] - Initializing Spring embedded WebApplicationContext
2025-06-04 14:56:56 [INFO] o.s.b.w.s.c.ServletWebServerApplicationContext - Root WebApplicationContext: initialization completed in 5785 ms
2025-06-04 14:56:57 [INFO] org.hibernate.Version - HHH000412: Hibernate ORM core version 6.6.13.Final
2025-06-04 14:56:57 [INFO] o.h.c.i.RegionFactoryInitiator - HHH000026: Second-level cache disabled
2025-06-04 14:56:57 [INFO] o.s.o.j.p.SpringPersistenceUnitInfo - No LoadTimeWeaver setup: ignoring JPA class transformer
2025-06-04 14:56:58 [INFO] com.zaxxer.hikari.HikariDataSource - HikariPool-1 - Starting...
2025-06-04 14:56:58 [INFO] com.zaxxer.hikari.pool.HikariPool - HikariPool-1 - Added connection conn0: url=jdbc:h2:mem:testdb user=ROOT
2025-06-04 14:56:58 [INFO] com.zaxxer.hikari.HikariDataSource - HikariPool-1 - Start completed.
2025-06-04 14:56:58 [INFO] o.hibernate.orm.connections.pooling - HHH10001005: Database info:
	Database JDBC URL [Connecting through datasource 'HikariDataSource (HikariPool-1)']
	Database driver: undefined/unknown
	Database version: 2.3.232
	Autocommit mode: undefined/unknown
	Isolation level: undefined/unknown
	Minimum pool size: undefined/unknown
	Maximum pool size: undefined/unknown
2025-06-04 14:56:59 [INFO] o.h.e.t.j.p.i.JtaPlatformInitiator - HHH000489: No JTA platform available (set 'hibernate.transaction.jta.platform' to enable JTA platform integration)
2025-06-04 14:56:59 [INFO] o.s.o.j.LocalContainerEntityManagerFactoryBean - Initialized JPA EntityManagerFactory for persistence unit 'default'
2025-06-04 14:57:00 [INFO] o.s.d.j.r.query.QueryEnhancerFactory - Hibernate is in classpath; If applicable, HQL parser will be used.
2025-06-04 14:57:19 [INFO] o.s.s.c.a.a.c.InitializeAuthenticationProviderBeanManagerConfigurer$InitializeAuthenticationProviderManagerConfigurer - Global AuthenticationManager configured with AuthenticationProvider bean with name authenticationProvider
2025-06-04 14:57:20 [INFO] o.s.b.a.h.H2ConsoleAutoConfiguration - H2 console available at '/h2-console'. Database available at 'jdbc:h2:mem:testdb'
2025-06-04 14:57:20 [INFO] o.s.b.d.a.OptionalLiveReloadServer - LiveReload server is running on port 35729
2025-06-04 14:57:20 [INFO] o.a.coyote.http11.Http11NioProtocol - Starting ProtocolHandler ["http-nio-8080"]
2025-06-04 14:57:20 [INFO] o.s.b.w.e.tomcat.TomcatWebServer - Tomcat started on port 8080 (http) with context path '/'
2025-06-04 14:57:20 [INFO] c.t.T.TradingApplication - Started TradingApplication in 31.368 seconds (process running for 32.169)
2025-06-04 15:04:16 [INFO] o.s.b.d.a.LocalDevToolsAutoConfiguration$RestartingClassPathChangeChangedEventListener - Restarting due to 1 class path change (1 addition, 0 deletions, 0 modifications)
2025-06-04 15:04:16 [INFO] o.s.b.w.e.tomcat.GracefulShutdown - Commencing graceful shutdown. Waiting for active requests to complete
2025-06-04 15:04:16 [INFO] o.a.coyote.http11.Http11NioProtocol - Pausing ProtocolHandler ["http-nio-8080"]
2025-06-04 15:04:16 [INFO] o.s.b.w.e.tomcat.GracefulShutdown - Graceful shutdown complete
2025-06-04 15:04:16 [INFO] o.a.coyote.http11.Http11NioProtocol - Stopping ProtocolHandler ["http-nio-8080"]
2025-06-04 15:04:16 [INFO] o.s.o.j.LocalContainerEntityManagerFactoryBean - Closing JPA EntityManagerFactory for persistence unit 'default'
2025-06-04 15:04:16 [INFO] com.zaxxer.hikari.HikariDataSource - HikariPool-1 - Shutdown initiated...
2025-06-04 15:04:16 [INFO] com.zaxxer.hikari.HikariDataSource - HikariPool-1 - Shutdown completed.
2025-06-04 16:25:06 [INFO] o.h.validator.internal.util.Version - HV000001: Hibernate Validator 8.0.2.Final
2025-06-04 16:25:06 [INFO] c.t.T.TradingApplicationTests - Starting TradingApplicationTests using Java 21.0.7 with PID 7336 (started by user in D:\Git Working Project\Trading-app)
2025-06-04 16:25:06 [INFO] c.t.T.TradingApplicationTests - No active profile set, falling back to 1 default profile: "default"
2025-06-04 16:25:09 [INFO] o.s.d.r.c.RepositoryConfigurationDelegate - Bootstrapping Spring Data JPA repositories in DEFAULT mode.
2025-06-04 16:25:09 [INFO] o.s.d.r.c.RepositoryConfigurationDelegate - Finished Spring Data repository scanning in 112 ms. Found 8 JPA repository interfaces.
2025-06-04 16:25:10 [INFO] org.hibernate.Version - HHH000412: Hibernate ORM core version 6.6.13.Final
2025-06-04 16:25:11 [INFO] o.h.c.i.RegionFactoryInitiator - HHH000026: Second-level cache disabled
2025-06-04 16:25:11 [INFO] o.s.o.j.p.SpringPersistenceUnitInfo - No LoadTimeWeaver setup: ignoring JPA class transformer
2025-06-04 16:25:11 [INFO] com.zaxxer.hikari.HikariDataSource - HikariPool-1 - Starting...
2025-06-04 16:25:11 [INFO] com.zaxxer.hikari.pool.HikariPool - HikariPool-1 - Added connection conn0: url=jdbc:h2:mem:testdb user=ROOT
2025-06-04 16:25:11 [INFO] com.zaxxer.hikari.HikariDataSource - HikariPool-1 - Start completed.
2025-06-04 16:25:12 [INFO] o.hibernate.orm.connections.pooling - HHH10001005: Database info:
	Database JDBC URL [Connecting through datasource 'HikariDataSource (HikariPool-1)']
	Database driver: undefined/unknown
	Database version: 2.3.232
	Autocommit mode: undefined/unknown
	Isolation level: undefined/unknown
	Minimum pool size: undefined/unknown
	Maximum pool size: undefined/unknown
2025-06-04 16:25:13 [INFO] o.h.e.t.j.p.i.JtaPlatformInitiator - HHH000489: No JTA platform available (set 'hibernate.transaction.jta.platform' to enable JTA platform integration)
2025-06-04 16:25:13 [INFO] o.s.o.j.LocalContainerEntityManagerFactoryBean - Initialized JPA EntityManagerFactory for persistence unit 'default'
2025-06-04 16:25:14 [INFO] o.s.d.j.r.query.QueryEnhancerFactory - Hibernate is in classpath; If applicable, HQL parser will be used.
2025-06-04 16:25:34 [INFO] o.s.s.c.a.a.c.InitializeAuthenticationProviderBeanManagerConfigurer$InitializeAuthenticationProviderManagerConfigurer - Global AuthenticationManager configured with AuthenticationProvider bean with name authenticationProvider
2025-06-04 16:25:36 [INFO] o.s.b.a.h.H2ConsoleAutoConfiguration - H2 console available at '/h2-console'. Database available at 'jdbc:h2:mem:testdb'
2025-06-04 16:25:36 [INFO] c.t.T.TradingApplicationTests - Started TradingApplicationTests in 30.598 seconds (process running for 32.978)
2025-06-04 16:25:40 [INFO] o.s.o.j.LocalContainerEntityManagerFactoryBean - Closing JPA EntityManagerFactory for persistence unit 'default'
2025-06-04 16:25:40 [INFO] com.zaxxer.hikari.HikariDataSource - HikariPool-1 - Shutdown initiated...
2025-06-04 16:25:40 [INFO] com.zaxxer.hikari.HikariDataSource - HikariPool-1 - Shutdown completed.
